{"total": {"lines":{"total":53,"covered":52,"skipped":0,"pct":98.11},"statements":{"total":56,"covered":55,"skipped":0,"pct":98.21},"functions":{"total":25,"covered":25,"skipped":0,"pct":100},"branches":{"total":8,"covered":8,"skipped":0,"pct":100},"branchesTrue":{"total":0,"covered":0,"skipped":0,"pct":100}}
,"/home/fernando/Documentos/projects-turma23/sd-023-b-project-starwars-planets-search/src/App.js": {"lines":{"total":1,"covered":1,"skipped":0,"pct":100},"functions":{"total":1,"covered":1,"skipped":0,"pct":100},"statements":{"total":1,"covered":1,"skipped":0,"pct":100},"branches":{"total":0,"covered":0,"skipped":0,"pct":100}}
,"/home/fernando/Documentos/projects-turma23/sd-023-b-project-starwars-planets-search/src/components/Header.jsx": {"lines":{"total":1,"covered":1,"skipped":0,"pct":100},"functions":{"total":1,"covered":1,"skipped":0,"pct":100},"statements":{"total":1,"covered":1,"skipped":0,"pct":100},"branches":{"total":0,"covered":0,"skipped":0,"pct":100}}
,"/home/fernando/Documentos/projects-turma23/sd-023-b-project-starwars-planets-search/src/components/Loading.jsx": {"lines":{"total":1,"covered":1,"skipped":0,"pct":100},"functions":{"total":1,"covered":1,"skipped":0,"pct":100},"statements":{"total":1,"covered":1,"skipped":0,"pct":100},"branches":{"total":0,"covered":0,"skipped":0,"pct":100}}
,"/home/fernando/Documentos/projects-turma23/sd-023-b-project-starwars-planets-search/src/components/Table.jsx": {"lines":{"total":11,"covered":11,"skipped":0,"pct":100},"functions":{"total":7,"covered":7,"skipped":0,"pct":100},"statements":{"total":12,"covered":12,"skipped":0,"pct":100},"branches":{"total":2,"covered":2,"skipped":0,"pct":100}}
,"/home/fernando/Documentos/projects-turma23/sd-023-b-project-starwars-planets-search/src/context/MyContext.js": {"lines":{"total":1,"covered":1,"skipped":0,"pct":100},"functions":{"total":0,"covered":0,"skipped":0,"pct":100},"statements":{"total":1,"covered":1,"skipped":0,"pct":100},"branches":{"total":0,"covered":0,"skipped":0,"pct":100}}
,"/home/fernando/Documentos/projects-turma23/sd-023-b-project-starwars-planets-search/src/context/Provider.jsx": {"lines":{"total":36,"covered":35,"skipped":0,"pct":97.22},"functions":{"total":13,"covered":13,"skipped":0,"pct":100},"statements":{"total":38,"covered":37,"skipped":0,"pct":97.36},"branches":{"total":6,"covered":6,"skipped":0,"pct":100}}
,"/home/fernando/Documentos/projects-turma23/sd-023-b-project-starwars-planets-search/src/services/title.js": {"lines":{"total":2,"covered":2,"skipped":0,"pct":100},"functions":{"total":2,"covered":2,"skipped":0,"pct":100},"statements":{"total":2,"covered":2,"skipped":0,"pct":100},"branches":{"total":0,"covered":0,"skipped":0,"pct":100}}
,"/home/fernando/Documentos/projects-turma23/sd-023-b-project-starwars-planets-search/src/tests/helpers/data.js": {"lines":{"total":0,"covered":0,"skipped":0,"pct":100},"functions":{"total":0,"covered":0,"skipped":0,"pct":100},"statements":{"total":0,"covered":0,"skipped":0,"pct":100},"branches":{"total":0,"covered":0,"skipped":0,"pct":100}}
}
