TN:
SF:src/App.js
FN:7,App
FNF:1
FNH:1
FNDA:6,App
DA:8,6
LF:1
LH:1
BRF:0
BRH:0
end_of_record
TN:
SF:src/components/Header.jsx
FN:3,Header
FNF:1
FNH:1
FNDA:6,Header
DA:4,6
LF:1
LH:1
BRF:0
BRH:0
end_of_record
TN:
SF:src/components/Loading.jsx
FN:3,Loading
FNF:1
FNH:1
FNDA:12,Loading
DA:4,12
LF:1
LH:1
BRF:0
BRH:0
end_of_record
TN:
SF:src/components/Table.jsx
FN:6,Table
FN:22,(anonymous_1)
FN:51,(anonymous_2)
FN:52,(anonymous_3)
FN:53,(anonymous_4)
FN:103,(anonymous_5)
FN:109,(anonymous_6)
FNF:7
FNH:7
FNDA:54,Table
FNDA:546,(anonymous_1)
FNDA:210,(anonymous_2)
FNDA:55,(anonymous_3)
FNDA:199,(anonymous_4)
FNDA:546,(anonymous_5)
FNDA:97,(anonymous_6)
DA:18,54
DA:20,54
DA:21,42
DA:22,42
DA:23,546
DA:26,42
DA:51,210
DA:52,55
DA:54,199
DA:104,546
DA:110,97
LF:11
LH:11
BRDA:20,0,0,12
BRDA:20,0,1,42
BRF:2
BRH:2
end_of_record
TN:
SF:src/context/MyContext.js
FNF:0
FNH:0
DA:3,1
LF:1
LH:1
BRF:0
BRH:0
end_of_record
TN:
SF:src/context/Provider.jsx
FN:5,Provider
FN:21,(anonymous_1)
FN:23,fetchPlanets
FN:28,(anonymous_3)
FN:38,handleData
FN:41,(anonymous_5)
FN:52,(anonymous_6)
FN:55,searchPlanetByName
FN:57,(anonymous_8)
FN:62,columnFilter
FN:67,comparisonFilter
FN:72,valueFilter
FN:77,filterButton
FNF:13
FNH:13
FNDA:54,Provider
FNDA:6,(anonymous_1)
FNDA:6,fetchPlanets
FNDA:18,(anonymous_3)
FNDA:110,handleData
FNDA:33,(anonymous_5)
FNDA:32,(anonymous_6)
FNDA:8,searchPlanetByName
FNDA:24,(anonymous_8)
FNDA:4,columnFilter
FNDA:4,comparisonFilter
FNDA:16,valueFilter
FNDA:4,filterButton
DA:6,54
DA:7,54
DA:8,54
DA:12,54
DA:13,54
DA:21,54
DA:22,6
DA:24,6
DA:25,6
DA:26,6
DA:28,18
DA:29,6
DA:30,6
DA:32,0
DA:35,6
DA:39,110
DA:41,110
DA:42,33
DA:43,3
DA:45,33
DA:46,27
DA:48,33
DA:49,3
DA:52,110
DA:56,8
DA:57,8
DA:58,24
DA:63,4
DA:68,4
DA:73,16
DA:78,4
DA:79,4
DA:80,4
DA:85,54
DA:99,54
DA:106,1
LF:36
LH:35
BRDA:42,0,0,3
BRDA:42,0,1,30
BRDA:45,1,0,27
BRDA:45,1,1,6
BRDA:48,2,0,3
BRDA:48,2,1,30
BRF:6
BRH:6
end_of_record
TN:
SF:src/services/title.js
FN:1,title
FN:3,(anonymous_1)
FNF:2
FNH:2
FNDA:546,title
FNDA:672,(anonymous_1)
DA:2,546
DA:3,672
LF:2
LH:2
BRF:0
BRH:0
end_of_record
TN:
SF:src/tests/helpers/data.js
FNF:0
FNH:0
LF:0
LH:0
BRF:0
BRH:0
end_of_record
